<?xml version="1.0" encoding="utf-8"?><testsuites name="pytest tests"><testsuite name="pytest" errors="0" failures="0" skipped="0" tests="6" time="1.775" timestamp="2026-04-20T07:02:39.519293+00:00" hostname="agent-env-dfeba08e-e89d-451d-83ec-46987ec52315"><testcase classname="backend.tests.backend_test" name="test_root" time="0.203" /><testcase classname="backend.tests.backend_test" name="test_classes_list" time="0.132" /><testcase classname="backend.tests.backend_test" name="test_create_order_demo" time="0.995" /><testcase classname="backend.tests.backend_test" name="test_contact_valid" time="0.156" /><testcase classname="backend.tests.backend_test" name="test_contact_invalid_email" time="0.115" /><testcase classname="backend.tests.backend_test" name="test_bookings_list" time="0.111" /></testsuite></testsuites>